0 verbose cli C:\Program Files\nodejs\node.exe C:\Program Files\nodejs\node_modules\npm\bin\npm-cli.js
1 info using npm@11.9.0
2 info using node@v24.14.0
3 silly config load:file:C:\Program Files\nodejs\node_modules\npm\npmrc
4 silly config load:file:C:\Users\jayan\Desktop\raptile\.npmrc
5 silly config load:file:C:\Users\jayan\.npmrc
6 silly config load:file:C:\Users\jayan\AppData\Roaming\npm\etc\npmrc
7 verbose title npm exec node -e console.log(process.platform)
8 verbose argv "exec" "--yes" "--package" "playwright" "--" "node" "-e" "console.log(process.platform)"
9 verbose logfile logs-max:10 dir:C:\Users\jayan\Desktop\raptile\.npm-cache\_logs\2026-05-02T05_33_17_871Z-
10 verbose logfile C:\Users\jayan\Desktop\raptile\.npm-cache\_logs\2026-05-02T05_33_17_871Z-debug-0.log
11 silly logfile done cleaning log files
12 silly packumentCache heap:4496293888 maxSize:1124073472 maxEntrySize:562036736
13 http fetch GET 200 https://registry.npmjs.org/playwright 144ms (cache revalidated)
14 silly packumentCache heap:4496293888 maxSize:1124073472 maxEntrySize:562036736
15 verbose cwd C:\Users\jayan\Desktop\raptile
16 verbose os Windows_NT 10.0.26200
17 verbose node v24.14.0
18 verbose npm  v11.9.0
19 verbose exit 0
20 info ok
